[    0.000000] Linux version 4.15.0-109-generic (buildd@lgw01-amd64-010) (gcc version 7.5.0 (Ubuntu 7.5.0-3ubuntu1~18.04)) #110-Ubuntu SMP Tue Jun 23 02:39:32 UTC 2020 (Ubuntu 4.15.0-109.110-generic 4.15.18)
[    0.000000] Command line: BOOT_IMAGE=/boot/vmlinuz-4.15.0-109-generic root=LABEL=cloudimg-rootfs ro console=tty1 console=ttyS0
[    0.000000] KERNEL supported cpus:
[    0.000000]   Intel GenuineIntel
[    0.000000]   AMD AuthenticAMD
[    0.000000]   Centaur CentaurHauls
[    0.000000] x86/fpu: Supporting XSAVE feature 0x001: 'x87 floating point registers'
[    0.000000] x86/fpu: Supporting XSAVE feature 0x002: 'SSE registers'
[    0.000000] x86/fpu: Supporting XSAVE feature 0x004: 'AVX registers'
[    0.000000] x86/fpu: xstate_offset[2]:  576, xstate_sizes[2]:  256
[    0.000000] x86/fpu: Enabled xstate features 0x7, context size is 832 bytes, using 'standard' format.
[    0.000000] e820: BIOS-provided physical RAM map:
[    0.000000] BIOS-e820: [mem 0x0000000000000000-0x000000000009fbff] usable
[    0.000000] BIOS-e820: [mem 0x000000000009fc00-0x000000000009ffff] reserved
[    0.000000] BIOS-e820: [mem 0x00000000000f0000-0x00000000000fffff] reserved
[    0.000000] BIOS-e820: [mem 0x0000000000100000-0x000000007fdeffff] usable
[    0.000000] BIOS-e820: [mem 0x000000007fdf0000-0x000000007fdfffff] ACPI data
[    0.000000] BIOS-e820: [mem 0x00000000fec00000-0x00000000fec00fff] reserved
[    0.000000] BIOS-e820: [mem 0x00000000fee00000-0x00000000fee00fff] reserved
[    0.000000] BIOS-e820: [mem 0x00000000fffc0000-0x00000000ffffffff] reserved
[    0.000000] NX (Execute Disable) protection: active
[    0.000000] SMBIOS 2.5 present.
[    0.000000] DMI: innotek GmbH VirtualBox/VirtualBox, BIOS VirtualBox 12/01/2006
[    0.000000] Hypervisor detected: KVM
[    0.000000] e820: last_pfn = 0x7fdf0 max_arch_pfn = 0x400000000
[    0.000000] MTRR: Disabled
[    0.000000] x86/PAT: MTRRs disabled, skipping PAT initialization too.
[    0.000000] CPU MTRRs all blank - virtualized system.
[    0.000000] x86/PAT: Configuration [0-7]: WB  WT  UC- UC  WB  WT  UC- UC  
[    0.000000] found SMP MP-table at [mem 0x0009fff0-0x0009ffff]
[    0.000000] Scanning 1 areas for low memory corruption
[    0.000000] RAMDISK: [mem 0x35a69000-0x36d2bfff]
[    0.000000] ACPI: Early table checksum verification disabled
[    0.000000] ACPI: RSDP 0x00000000000E0000 000024 (v02 VBOX  )
[    0.000000] ACPI: XSDT 0x000000007FDF0030 00003C (v01 VBOX   VBOXXSDT 00000001 ASL  00000061)
[    0.000000] ACPI: FACP 0x000000007FDF00F0 0000F4 (v04 VBOX   VBOXFACP 00000001 ASL  00000061)
[    0.000000] ACPI: DSDT 0x000000007FDF0480 0022EA (v02 VBOX   VBOXBIOS 00000002 INTL 20100528)
[    0.000000] ACPI: FACS 0x000000007FDF0200 000040
[    0.000000] ACPI: FACS 0x000000007FDF0200 000040
[    0.000000] ACPI: APIC 0x000000007FDF0240 000064 (v02 VBOX   VBOXAPIC 00000001 ASL  00000061)
[    0.000000] ACPI: SSDT 0x000000007FDF02B0 0001CC (v01 VBOX   VBOXCPUT 00000002 INTL 20100528)
[    0.000000] No NUMA configuration found
[    0.000000] Faking a node at [mem 0x0000000000000000-0x000000007fdeffff]
[    0.000000] NODE_DATA(0) allocated [mem 0x7fdc5000-0x7fdeffff]
[    0.000000] kvm-clock: cpu 0, msr 0:7fd44001, primary cpu clock
[    0.000000] kvm-clock: Using msrs 4b564d01 and 4b564d00
[    0.000000] kvm-clock: using sched offset of 3546671058 cycles
[    0.000000] clocksource: kvm-clock: mask: 0xffffffffffffffff max_cycles: 0x1cd42e4dffb, max_idle_ns: 881590591483 ns
[    0.000000] Zone ranges:
[    0.000000]   DMA      [mem 0x0000000000001000-0x0000000000ffffff]
[    0.000000]   DMA32    [mem 0x0000000001000000-0x000000007fdeffff]
[    0.000000]   Normal   empty
[    0.000000]   Device   empty
[    0.000000] Movable zone start for each node
[    0.000000] Early memory node ranges
[    0.000000]   node   0: [mem 0x0000000000001000-0x000000000009efff]
[    0.000000]   node   0: [mem 0x0000000000100000-0x000000007fdeffff]
[    0.000000] Reserved but unavailable: 98 pages
[    0.000000] Initmem setup node 0 [mem 0x0000000000001000-0x000000007fdeffff]
[    0.000000] ACPI: PM-Timer IO Port: 0x4008
[    0.000000] IOAPIC[0]: apic_id 3, version 32, address 0xfec00000, GSI 0-23
[    0.000000] ACPI: INT_SRC_OVR (bus 0 bus_irq 0 global_irq 2 dfl dfl)
[    0.000000] ACPI: INT_SRC_OVR (bus 0 bus_irq 9 global_irq 9 low level)
[    0.000000] Using ACPI (MADT) for SMP configuration information
[    0.000000] smpboot: Allowing 3 CPUs, 0 hotplug CPUs
[    0.000000] PM: Registered nosave memory: [mem 0x00000000-0x00000fff]
[    0.000000] PM: Registered nosave memory: [mem 0x0009f000-0x0009ffff]
[    0.000000] PM: Registered nosave memory: [mem 0x000a0000-0x000effff]
[    0.000000] PM: Registered nosave memory: [mem 0x000f0000-0x000fffff]
[    0.000000] e820: [mem 0x7fe00000-0xfebfffff] available for PCI devices
[    0.000000] Booting paravirtualized kernel on KVM
[    0.000000] clocksource: refined-jiffies: mask: 0xffffffff max_cycles: 0xffffffff, max_idle_ns: 7645519600211568 ns
[    0.000000] random: get_random_bytes called from start_kernel+0x99/0x500 with crng_init=0
[    0.000000] setup_percpu: NR_CPUS:8192 nr_cpumask_bits:3 nr_cpu_ids:3 nr_node_ids:1
[    0.000000] percpu: Embedded 45 pages/cpu s147456 r8192 d28672 u524288
[    0.000000] PV qspinlock hash table entries: 256 (order: 0, 4096 bytes)
[    0.000000] Built 1 zonelists, mobility grouping on.  Total pages: 515457
[    0.000000] Policy zone: DMA32
[    0.000000] Kernel command line: BOOT_IMAGE=/boot/vmlinuz-4.15.0-109-generic root=LABEL=cloudimg-rootfs ro console=tty1 console=ttyS0
[    0.000000] Memory: 2013004K/2094648K available (12300K kernel code, 2481K rwdata, 4272K rodata, 2436K init, 2720K bss, 81644K reserved, 0K cma-reserved)
[    0.000000] SLUB: HWalign=64, Order=0-3, MinObjects=0, CPUs=3, Nodes=1
[    0.000000] Kernel/User page tables isolation: enabled
[    0.000000] ftrace: allocating 39378 entries in 154 pages
[    0.004000] Hierarchical RCU implementation.
[    0.004000] 	RCU restricting CPUs from NR_CPUS=8192 to nr_cpu_ids=3.
[    0.004000] 	Tasks RCU enabled.
[    0.004000] RCU: Adjusting geometry for rcu_fanout_leaf=16, nr_cpu_ids=3
[    0.004000] NR_IRQS: 524544, nr_irqs: 448, preallocated irqs: 16
[    0.004000] Console: colour VGA+ 80x25
[    0.004000] console [tty1] enabled
[    0.004000] console [ttyS0] enabled
[    0.004000] ACPI: Core revision 20170831
[    0.004000] ACPI: 2 ACPI AML tables successfully acquired and loaded
[    0.004000] APIC: Switch to symmetric I/O mode setup
[    0.004000] x2apic enabled
[    0.004000] Switched APIC routing to physical x2apic.
[    0.004000] ..TIMER: vector=0x30 apic1=0 pin1=2 apic2=-1 pin2=-1
[    0.004003] tsc: Detected 3600.000 MHz processor
[    0.004944] Calibrating delay loop (skipped) preset value.. 7200.00 BogoMIPS (lpj=14400000)
[    0.005316] pid_max: default: 32768 minimum: 301
[    0.006062] Security Framework initialized
[    0.008002] Yama: becoming mindful.
[    0.008592] AppArmor: AppArmor initialized
[    0.010466] Dentry cache hash table entries: 262144 (order: 9, 2097152 bytes)
[    0.012031] Inode-cache hash table entries: 131072 (order: 8, 1048576 bytes)
[    0.013092] Mount-cache hash table entries: 4096 (order: 3, 32768 bytes)
[    0.014161] Mountpoint-cache hash table entries: 4096 (order: 3, 32768 bytes)
[    0.015582] Last level iTLB entries: 4KB 64, 2MB 8, 4MB 8
[    0.016001] Last level dTLB entries: 4KB 64, 2MB 0, 4MB 0, 1GB 4
[    0.016910] Spectre V1 : Mitigation: usercopy/swapgs barriers and __user pointer sanitization
[    0.018240] Spectre V2 : Mitigation: Full generic retpoline
[    0.019152] Spectre V2 : Spectre v2 / SpectreRSB mitigation: Filling RSB on context switch
[    0.020001] Speculative Store Bypass: Vulnerable
[    0.020749] SRBDS: Unknown: Dependent on hypervisor status
[    0.021618] MDS: Mitigation: Clear CPU buffers
[    0.024165] Freeing SMP alternatives memory: 36K
[    0.133742] smpboot: CPU0: Intel(R) Core(TM) i7-7700 CPU @ 3.60GHz (family: 0x6, model: 0x9e, stepping: 0x9)
[    0.135614] Performance Events: unsupported p6 CPU model 158 no PMU driver, software events only.
[    0.136000] Hierarchical SRCU implementation.
[    0.136451] NMI watchdog: Perf event create on CPU 0 failed with -2
[    0.137543] NMI watchdog: Perf NMI watchdog permanently disabled
[    0.138640] smp: Bringing up secondary CPUs ...
[    0.140059] x86: Booting SMP configuration:
[    0.140773] .... node  #0, CPUs:      #1
[    0.004000] kvm-clock: cpu 1, msr 0:7fd44041, secondary cpu clock
[    0.144061]  #2
[    0.004000] kvm-clock: cpu 2, msr 0:7fd44081, secondary cpu clock
[    0.148019] smp: Brought up 1 node, 3 CPUs
[    0.148737] smpboot: Max logical packages: 1
[    0.149448] smpboot: Total of 3 processors activated (21600.00 BogoMIPS)
[    0.150566] devtmpfs: initialized
[    0.152045] x86/mm: Memory block size: 128MB
[    0.153083] evm: security.selinux
[    0.153743] evm: security.SMACK64
[    0.154397] evm: security.SMACK64EXEC
[    0.155072] evm: security.SMACK64TRANSMUTE
[    0.156002] evm: security.SMACK64MMAP
[    0.156721] evm: security.apparmor
[    0.157382] evm: security.ima
[    0.157963] evm: security.capability
[    0.158667] clocksource: jiffies: mask: 0xffffffff max_cycles: 0xffffffff, max_idle_ns: 7645041785100000 ns
[    0.160007] futex hash table entries: 1024 (order: 4, 65536 bytes)
[    0.161150] pinctrl core: initialized pinctrl subsystem
[    0.162135] RTC time: 15:05:34, date: 07/04/20
[    0.164121] NET: Registered protocol family 16
[    0.165090] audit: initializing netlink subsys (disabled)
[    0.165976] audit: type=2000 audit(1593875139.929:1): state=initialized audit_enabled=0 res=1
[    0.168004] cpuidle: using governor ladder
[    0.168875] cpuidle: using governor menu
[    0.169702] ACPI: bus type PCI registered
[    0.170508] acpiphp: ACPI Hot Plug PCI Controller Driver version: 0.5
[    0.172076] PCI: Using configuration type 1 for base access
[    0.173142] HugeTLB registered 2.00 MiB page size, pre-allocated 0 pages
[    0.176060] ACPI: Added _OSI(Module Device)
[    0.177073] ACPI: Added _OSI(Processor Device)
[    0.178093] ACPI: Added _OSI(3.0 _SCP Extensions)
[    0.179002] ACPI: Added _OSI(Processor Aggregator Device)
[    0.180003] ACPI: Added _OSI(Linux-Dell-Video)
[    0.180868] ACPI: Added _OSI(Linux-Lenovo-NV-HDMI-Audio)
[    0.181940] ACPI: Added _OSI(Linux-HPI-Hybrid-Graphics)
[    0.183068] ACPI: Executed 1 blocks of module-level executable AML code
[    0.187273] ACPI: Interpreter enabled
[    0.188011] ACPI: (supports S0 S5)
[    0.188682] ACPI: Using IOAPIC for interrupt routing
[    0.189746] PCI: Using host bridge windows from ACPI; if necessary, use "pci=nocrs" and report a bug
[    0.191435] ACPI: Enabled 2 GPEs in block 00 to 07
[    0.198623] ACPI: PCI Root Bridge [PCI0] (domain 0000 [bus 00-ff])
[    0.200005] acpi PNP0A03:00: _OSC: OS supports [ASPM ClockPM Segments MSI]
[    0.201720] acpi PNP0A03:00: _OSC: not requesting OS control; OS requires [ExtendedConfig ASPM ClockPM MSI]
[    0.203423] acpi PNP0A03:00: fail to add MMCONFIG information, can't access extended PCI configuration space under this bridge.
[    0.204290] PCI host bridge to bus 0000:00
[    0.205062] pci_bus 0000:00: root bus resource [io  0x0000-0x0cf7 window]
[    0.208002] pci_bus 0000:00: root bus resource [io  0x0d00-0xffff window]
[    0.209297] pci_bus 0000:00: root bus resource [mem 0x000a0000-0x000bffff window]
[    0.210635] pci_bus 0000:00: root bus resource [mem 0x7fe00000-0xfdffffff window]
[    0.212003] pci_bus 0000:00: root bus resource [bus 00-ff]
[    0.214751] pci 0000:00:01.1: legacy IDE quirk: reg 0x10: [io  0x01f0-0x01f7]
[    0.216003] pci 0000:00:01.1: legacy IDE quirk: reg 0x14: [io  0x03f6]
[    0.217229] pci 0000:00:01.1: legacy IDE quirk: reg 0x18: [io  0x0170-0x0177]
[    0.219333] pci 0000:00:01.1: legacy IDE quirk: reg 0x1c: [io  0x0376]
[    0.252105] pci 0000:00:07.0: quirk: [io  0x4000-0x403f] claimed by PIIX4 ACPI
[    0.253672] pci 0000:00:07.0: quirk: [io  0x4100-0x410f] claimed by PIIX4 SMB
[    0.267988] ACPI: PCI Interrupt Link [LNKA] (IRQs 5 9 10 *11)
[    0.268333] ACPI: PCI Interrupt Link [LNKB] (IRQs 5 9 *10 11)
[    0.269424] ACPI: PCI Interrupt Link [LNKC] (IRQs 5 *9 10 11)
[    0.270497] ACPI: PCI Interrupt Link [LNKD] (IRQs 5 9 10 *11)
[    0.272310] SCSI subsystem initialized
[    0.273091] pci 0000:00:02.0: vgaarb: setting as boot VGA device
[    0.273167] pci 0000:00:02.0: vgaarb: VGA device added: decodes=io+mem,owns=io+mem,locks=none
[    0.276006] pci 0000:00:02.0: vgaarb: bridge control possible
[    0.277110] vgaarb: loaded
[    0.277842] ACPI: bus type USB registered
[    0.278523] usbcore: registered new interface driver usbfs
[    0.280014] usbcore: registered new interface driver hub
[    0.281104] usbcore: registered new device driver usb
[    0.282147] EDAC MC: Ver: 3.0.0
[    0.282147] PCI: Using ACPI for IRQ routing
[    0.284253] NetLabel: Initializing
[    0.284966] NetLabel:  domain hash size = 128
[    0.285886] NetLabel:  protocols = UNLABELED CIPSOv4 CALIPSO
[    0.286853] NetLabel:  unlabeled traffic allowed by default
[    0.288139] clocksource: Switched to clocksource kvm-clock
[    0.301993] VFS: Disk quotas dquot_6.6.0
[    0.303028] VFS: Dquot-cache hash table entries: 512 (order 0, 4096 bytes)
[    0.304522] AppArmor: AppArmor Filesystem Enabled
[    0.305481] pnp: PnP ACPI init
[    0.307102] pnp: PnP ACPI: found 3 devices
[    0.317371] clocksource: acpi_pm: mask: 0xffffff max_cycles: 0xffffff, max_idle_ns: 2085701024 ns
[    0.319056] NET: Registered protocol family 2
[    0.321179] TCP established hash table entries: 16384 (order: 5, 131072 bytes)
[    0.322770] TCP bind hash table entries: 16384 (order: 6, 262144 bytes)
[    0.323961] TCP: Hash tables configured (established 16384 bind 16384)
[    0.325284] UDP hash table entries: 1024 (order: 3, 32768 bytes)
[    0.326311] UDP-Lite hash table entries: 1024 (order: 3, 32768 bytes)
[    0.327474] NET: Registered protocol family 1
[    0.328350] pci 0000:00:00.0: Limiting direct PCI/PCI transfers
[    0.329398] pci 0000:00:01.0: Activating ISA DMA hang workarounds
[    0.330541] pci 0000:00:02.0: Video device with shadowed ROM at [mem 0x000c0000-0x000dffff]
[    0.332133] Unpacking initramfs...
[    0.552920] Freeing initrd memory: 19212K
[    0.553875] clocksource: tsc: mask: 0xffffffffffffffff max_cycles: 0x33e452fbb2f, max_idle_ns: 440795236593 ns
[    0.555659] platform rtc_cmos: registered platform RTC device (no PNP device found)
[    0.557190] Scanning for low memory corruption every 60 seconds
[    0.558901] Initialise system trusted keyrings
[    0.559702] Key type blacklist registered
[    0.560589] workingset: timestamp_bits=36 max_order=19 bucket_order=0
[    0.562534] zbud: loaded
[    0.563506] squashfs: version 4.0 (2009/01/31) Phillip Lougher
[    0.564867] fuse init (API version 7.26)
[    0.568337] Key type asymmetric registered
[    0.568991] Asymmetric key parser 'x509' registered
[    0.569795] Block layer SCSI generic (bsg) driver version 0.4 loaded (major 246)
[    0.571058] io scheduler noop registered
[    0.571719] io scheduler deadline registered
[    0.572538] io scheduler cfq registered (default)
[    0.573609] ACPI: AC Adapter [AC] (on-line)
[    0.574338] input: Power Button as /devices/LNXSYSTM:00/LNXPWRBN:00/input/input0
[    0.575600] ACPI: Power Button [PWRF]
[    0.576290] input: Sleep Button as /devices/LNXSYSTM:00/LNXSLPBN:00/input/input1
[    0.577486] ACPI: Sleep Button [SLPF]
[    0.578387] Serial: 8250/16550 driver, 32 ports, IRQ sharing enabled
[    0.600004] 00:02: ttyS0 at I/O 0x3f8 (irq = 4, base_baud = 115200) is a 16550A
[    0.604071] Linux agpgart interface v0.103
[    0.609253] loop: module loaded
[    0.610583] scsi host0: ata_piix
[    0.611271] scsi host1: ata_piix
[    0.611844] ata1: PATA max UDMA/33 cmd 0x1f0 ctl 0x3f6 bmdma 0xd000 irq 14
[    0.612942] ata2: PATA max UDMA/33 cmd 0x170 ctl 0x376 bmdma 0xd008 irq 15
[    0.614103] libphy: Fixed MDIO Bus: probed
[    0.614883] tun: Universal TUN/TAP device driver, 1.6
[    0.615773] PPP generic driver version 2.4.2
[    0.616608] ehci_hcd: USB 2.0 'Enhanced' Host Controller (EHCI) Driver
[    0.617615] ehci-pci: EHCI PCI platform driver
[    0.618342] ehci-platform: EHCI generic platform driver
[    0.619172] ohci_hcd: USB 1.1 'Open' Host Controller (OHCI) Driver
[    0.620132] ohci-pci: OHCI PCI platform driver
[    0.620867] ohci-platform: OHCI generic platform driver
[    0.621720] uhci_hcd: USB Universal Host Controller Interface driver
[    0.622748] i8042: PNP: PS/2 Controller [PNP0303:PS2K,PNP0f03:PS2M] at 0x60,0x64 irq 1,12
[    0.624961] serio: i8042 KBD port at 0x60,0x64 irq 1
[    0.625990] serio: i8042 AUX port at 0x60,0x64 irq 12
[    0.627011] mousedev: PS/2 mouse device common for all mice
[    0.628382] input: AT Translated Set 2 keyboard as /devices/platform/i8042/serio0/input/input2
[    0.629981] rtc_cmos rtc_cmos: rtc core: registered rtc_cmos as rtc0
[    0.631218] rtc_cmos rtc_cmos: alarms up to one day, 114 bytes nvram
[    0.632236] i2c /dev entries driver
[    0.633159] device-mapper: uevent: version 1.0.3
[    0.634024] device-mapper: ioctl: 4.37.0-ioctl (2017-09-20) initialised: dm-devel@redhat.com
[    0.635840] ledtrig-cpu: registered to indicate activity on CPUs
[    0.637878] NET: Registered protocol family 10
[    0.641611] Segment Routing with IPv6
[    0.642287] NET: Registered protocol family 17
[    0.643288] Key type dns_resolver registered
[    0.644332] mce: Using 0 MCE banks
[    0.644986] RAS: Correctable Errors collector initialized.
[    0.645997] sched_clock: Marking stable (644295014, 0)->(808585617, -164290603)
[    0.647956] registered taskstats version 1
[    0.648868] Loading compiled-in X.509 certificates
[    0.652197] Loaded X.509 cert 'Build time autogenerated kernel key: 495c641868e7df5e32bc382f03c4f4fc9cad4e78'
[    0.654265] zswap: loaded using pool lzo/zbud
[    0.658502] Key type big_key registered
[    0.659188] Key type trusted registered
[    0.661439] Key type encrypted registered
[    0.662161] AppArmor: AppArmor sha1 policy hashing enabled
[    0.663105] ima: No TPM chip found, activating TPM-bypass! (rc=-19)
[    0.664178] ima: Allocated hash algorithm: sha1
[    0.665113] evm: HMAC attrs: 0x1
[    0.665920]   Magic number: 12:409:82
[    0.666603]   hash matches /build/linux-PK0ghA/linux-4.15.0/drivers/base/power/main.c:647
[    0.668418]   hash matches /build/linux-PK0ghA/linux-4.15.0/drivers/base/power/main.c:599
[    0.670091] rtc_cmos rtc_cmos: setting system clock to 2020-07-04 15:05:35 UTC (1593875135)
[    0.671723] BIOS EDD facility v0.16 2004-Jun-25, 0 devices found
[    0.672930] EDD information not available.
[    0.786824] Freeing unused kernel image memory: 2436K
[    0.809372] Write protecting the kernel read-only data: 20480k
[    0.817121] Freeing unused kernel image memory: 2008K
[    0.822453] Freeing unused kernel image memory: 1872K
[    0.848289] x86/mm: Checked W+X mappings: passed, no W+X pages found.
[    0.850545] x86/mm: Checking user space page tables
[    0.868337] x86/mm: Checked W+X mappings: passed, no W+X pages found.
Loading, please wait...
starting version 237
[    0.918975] e1000: Intel(R) PRO/1000 Network Driver - version 7.3.21-k8-NAPI
[    0.918977] Fusion MPT base driver 3.04.20
[    0.920276] e1000: Copyright (c) 1999-2006 Intel Corporation.
[    0.921398] Copyright (c) 1999-2008 LSI Corporation
[    0.937077] Fusion MPT SPI Host driver 3.04.20
[    0.941206] AVX2 version of gcm_enc/dec engaged.
[    0.942030] AES CTR mode by8 optimization enabled
[    1.144713] input: ImExPS/2 Generic Explorer Mouse as /devices/platform/i8042/serio1/input/input4
[    1.316329] e1000 0000:00:03.0 eth0: (PCI:33MHz:32-bit) 02:12:97:df:f3:54
[    1.317631] e1000 0000:00:03.0 eth0: Intel(R) PRO/1000 Network Connection
[    1.319935] mptbase: ioc0: Initiating bringup
[    1.320042] e1000 0000:00:03.0 enp0s3: renamed from eth0
[    1.852902] ioc0: LSI53C1030 A0: Capabilities={Initiator}
[    2.320107] scsi host2: ioc0: LSI53C1030 A0, FwRev=00000000h, Ports=1, MaxQ=256, IRQ=20
[    2.952422] scsi 2:0:0:0: Direct-Access     VBOX     HARDDISK         1.0  PQ: 0 ANSI: 5
[    3.307600] scsi target2:0:0: Beginning Domain Validation
[    3.320223] scsi target2:0:0: Domain Validation skipping write tests
[    3.325795] scsi target2:0:0: Ending Domain Validation
[    3.331527] scsi target2:0:0: asynchronous
[    3.338012] scsi 2:0:1:0: Direct-Access     VBOX     HARDDISK         1.0  PQ: 0 ANSI: 5
[    3.911582] scsi target2:0:1: Beginning Domain Validation
[    3.923668] scsi target2:0:1: Domain Validation skipping write tests
[    3.929587] scsi target2:0:1: Ending Domain Validation
[    3.934731] scsi target2:0:1: asynchronous
[    3.958474] sd 2:0:0:0: Attached scsi generic sg0 type 0
[    3.959190] sd 2:0:0:0: [sda] 20971520 512-byte logical blocks: (10.7 GB/10.0 GiB)
[    3.961457] sd 2:0:1:0: Attached scsi generic sg1 type 0
[    3.962134] sd 2:0:1:0: [sdb] 20480 512-byte logical blocks: (10.5 MB/10.0 MiB)
[    3.962228] sd 2:0:1:0: [sdb] Write Protect is off
[    3.962403] sd 2:0:1:0: [sdb] Incomplete mode parameter data
[    3.962405] sd 2:0:1:0: [sdb] Assuming drive cache: write through
[    3.965144] sd 2:0:0:0: [sda] Write Protect is off
[    3.965829] random: fast init done
[    3.971234] random: systemd-udevd: uninitialized urandom read (16 bytes read)
[    3.978598] sd 2:0:0:0: [sda] Incomplete mode parameter data
[    3.980837] random: systemd-udevd: uninitialized urandom read (16 bytes read)
[    3.982285] sd 2:0:0:0: [sda] Assuming drive cache: write through
[    3.989186] random: systemd-udevd: uninitialized urandom read (16 bytes read)
[    4.076559]  sda: sda1
[    4.082382] sd 2:0:0:0: [sda] Attached SCSI disk
[    4.327429] sd 2:0:1:0: [sdb] Attached SCSI disk
Begin: Loading essential drivers ... [    6.216427] raid6: sse2x1   gen() 13533 MB/s
[    6.264241] raid6: sse2x1   xor() 10193 MB/s
[    6.312034] raid6: sse2x2   gen() 15954 MB/s
[    6.360857] raid6: sse2x2   xor() 11441 MB/s
[    6.408697] raid6: sse2x4   gen() 20058 MB/s
[    6.456587] raid6: sse2x4   xor() 11868 MB/s
[    6.504089] raid6: avx2x1   gen() 27855 MB/s
[    6.552155] raid6: avx2x1   xor() 18418 MB/s
[    6.600074] raid6: avx2x2   gen() 34268 MB/s
[    6.648754] raid6: avx2x2   xor() 21232 MB/s
[    6.696590] raid6: avx2x4   gen() 39001 MB/s
[    6.744439] raid6: avx2x4   xor() 22238 MB/s
[    6.745345] raid6: using algorithm avx2x4 gen() 39001 MB/s
[    6.746418] raid6: .... xor() 22238 MB/s, rmw enabled
[    6.747351] raid6: using avx2x2 recovery algorithm
[    6.749225] xor: automatically using best checksumming function   avx       
[    6.751469] async_tx: api initialized (async)
done.
Begin: Running /scripts/init-premount ... done.
Begin: Mounting root file system ... Begin: Running /scripts/local-top ... done.
Begin: Running /scripts/local-premount ... [    6.786098] Btrfs loaded, crc32c=crc32c-intel
Scanning for Btrfs filesystems
done.
Warning: fsck not present, so skipping root file system
[    6.824949] EXT4-fs (sda1): mounted filesystem with ordered data mode. Opts: (null)
done.
Begin: Running /scripts/local-bottom ... done.
Begin: Running /scripts/init-bottom ... done.
[    7.471227] ip_tables: (C) 2000-2006 Netfilter Core Team
[    7.532378] systemd[1]: systemd 237 running in system mode. (+PAM +AUDIT +SELINUX +IMA +APPARMOR +SMACK +SYSVINIT +UTMP +LIBCRYPTSETUP +GCRYPT +GNUTLS +ACL +XZ +LZ4 +SECCOMP +BLKID +ELFUTILS +KMOD -IDN2 +IDN -PCRE2 default-hierarchy=hybrid)
[    7.552097] systemd[1]: Detected virtualization oracle.
[    7.558073] systemd[1]: Detected architecture x86-64.

Welcome to [1mUbuntu 18.04.4 LTS[0m!

[    7.645574] systemd[1]: Set hostname to <ubuntu>.
[    7.689745] systemd[1]: Initializing machine ID from random generator.
[    7.695404] systemd[1]: Installed transient /etc/machine-id file.
[    8.310839] random: crng init done
[    8.312711] random: 7 urandom warning(s) missed due to ratelimiting
[    8.633315] systemd[1]: Created slice System Slice.
[[0;32m  OK  [0m] Created slice System Slice.
[    8.635766] systemd[1]: Listening on Journal Audit Socket.
[[0;32m  OK  [0m] Listening on Journal Audit Socket.
[    8.656506] systemd[1]: Created slice User and Session Slice.
[[0;32m  OK  [0m] Created slice User and Session Slice.
[    8.658395] systemd[1]: Set up automount Arbitrary Executable File Formats File System Automount Point.
[[0;32m  OK  [0m] Set up automount Arbitrary Executab…rmats File System Automount Point.
[[0;32m  OK  [0m] Listening on Journal Socket.
         Mounting POSIX Message Queue File System...
         Starting Remount Root and Kernel File Systems...
[[0;32m  OK  [0m] Listening on LVM2 poll daemon socket.
[[0;32m  OK  [0m] Reached target Swap.
[[0;32m  OK  [0m] Listening on Device-mapper event daemon FIFOs.
         Starting Uncomplicated firewall...
[[0;32m  OK  [0m] Listening on LVM2 metadata daemon socket.
         [    9.168231] EXT4-fs (sda1): re-mounted. Opts: (null)
Starting Monitoring of LVM2 mirrors…ng dmeventd or progress polling...
[[0;32m  OK  [0m] Listening on Syslog Socket.
         Starting Create list of required st…ce nodes for the current kernel...
[[0;32m  OK  [0m] Reached target User and Group Name Lookups.
         Mounting Kernel Debug File System...
[[0;32m  OK  [0m] Listening on udev Control Socket.
[[0;32m  OK  [0m] Started Forward Password Requests to Wall Directory Watch.
[[0;32m  OK  [0m] Listening on /dev/initctl Compatibility Named Pipe.
         Starting Load Kernel Modules...
[[0;32m  OK  [0m] Listening on udev Kernel Socket.
         Starting udev Coldplug all Devices...
         Starting Set the console keyboard layout...
[[0;32m  OK  [0m] Listening on Journal Socket (/dev/log).
         Starting Journal Service...
[[0;32m  OK  [0m] Created slice system-serial\x2dgetty.slice.
[[0;32m  OK  [0m] Reached target System Time Synchronized.
         Mounting Huge Pages File System...
[[0;32m  OK  [0m] Reached target Slices.
[[0;32m  OK  [0m] Listening on Network Service Netlink Socket.
[[0;32m  OK  [0m] Mounted POSIX Message Queue File System.
[[0;32m  OK  [0m] Started Remount Root and Kernel File Systems.
[[0;32m  OK  [0m] Started Uncomplicated firewall.
[[0;32m  OK  [0m] Started Create list of required sta…vice nodes for the current kernel.
[[0;32m  OK  [0m] Mounted Kernel Debug File System.
[[0;32m  OK  [0m] Mounted Huge Pages File System.
         Starting Create Static Device Nodes in /dev...
         Starting Load/Save Random Seed...
[    9.351183] Loading iSCSI transport class v2.0-870.
[    9.371179] iscsi: registered transport (tcp)
[[0;32m  OK  [0m] Started Create Static Device Nodes in /dev.
[[0;32m  OK  [0m] Started LVM2 metadata daemon.
         Starting udev Kernel Device Manager...
[[0;32m  OK  [0m] Started Journal Service.
         Starting Flush Journal to Persistent Storage...
[[0;32m  OK  [0m] Started Load/Save Random Seed.
[    9.603462] systemd-journald[416]: Received request to flush runtime journal from PID 1
[[0;32m  OK  [0m] Started udev Coldplug all Devices.
[    9.720883] iscsi: registered transport (iser)
[[0;32m  OK  [0m] Started Load Kernel Modules.
         Starting Apply Kernel Variables...
         Mounting Kernel Configuration File System...
         Mounting FUSE Control File System...
[[0;32m  OK  [0m] Mounted Kernel Configuration File System.
[[0;32m  OK  [0m] Mounted FUSE Control File System.
[[0;32m  OK  [0m] Started Set the console keyboard layout.
[[0;32m  OK  [0m] Started udev Kernel Device Manager.
[[0;32m  OK  [0m] Started Dispatch Password Requests to Console Directory Watch.
[[0;32m  OK  [0m] Reached target Local Encrypted Volumes.
[[0;32m  OK  [0m] Started Monitoring of LVM2 mirrors,…sing dmeventd or progress polling.
[[0;32m  OK  [0m] Reached target Local File Systems (Pre).
[[0;32m  OK  [0m] Reached target Local File Systems.
         Starting Commit a transient machine-id on disk...
         Starting Tell Plymouth To Write Out Runtime Data...
         Starting Set console font and keymap...
         Starting ebtables ruleset management...
         Starting AppArmor initialization...
[[0;32m  OK  [0m] Started Apply Kernel Variables.
[[0;32m  OK  [0m] Started Tell Plymouth To Write Out Runtime Data.
[[0;32m  OK  [0m] Started Set console font and keymap.
[[0;32m  OK  [0m] Found device /dev/ttyS0.
[[0;32m  OK  [0m] Started Flush Journal to Persistent Storage.
         Starting Create Volatile Files and Directories...
[[0;32m  OK  [0m] Started Commit a transient machine-id on disk.
[[0;32m  OK  [0m] Started Create Volatile Files and Directories.
         Starting Update UTMP about System Boot/Shutdown...
[[0;32m  OK  [0m] Started Update UTMP about System Boot/Shutdown.
[[0;32m  OK  [0m] Started ebtables ruleset management.
[[0;32m  OK  [0m] Listening on Load/Save RF Kill Switch Status /dev/rfkill Watch.
[[0;32m  OK  [0m] Started AppArmor initialization.
         Starting Initial cloud-init job (pre-networking)...
[   14.185429] cloud-init[567]: Cloud-init v. 19.4-33-gbb4131a2-0ubuntu1~18.04.1 running 'init-local' at Sat, 04 Jul 2020 15:05:48 +0000. Up 13.51 seconds.
[[0;32m  OK  [0m] Started Initial cloud-init job (pre-networking).
[[0;32m  OK  [0m] Reached target Network (Pre).
         Starting Network Service...
[[0;32m  OK  [0m] Started Network Service.
         Starting Wait for Network to be Configured...
         Starting Network Name Resolution...
[[0;32m  OK  [0m] Started Network Name Resolution.
[[0;32m  OK  [0m] Reached target Network.
[[0;32m  OK  [0m] Reached target Host and Network Name Lookups.
[[0;32m  OK  [0m] Started Wait for Network to be Configured.
         Starting Initial cloud-init job (metadata service crawler)...
[   16.403404] cloud-init[694]: Cloud-init v. 19.4-33-gbb4131a2-0ubuntu1~18.04.1 running 'init' at Sat, 04 Jul 2020 15:05:51 +0000. Up 16.23 seconds.
[   16.420370] cloud-init[694]: ci-info: ++++++++++++++++++++++++++++++++++++++Net device info++++++++++++++++++++++++++++++++++++++
[   16.432070] cloud-init[694]: ci-info: +--------+------+----------------------------+---------------+--------+-------------------+
[   16.433012] cloud-init[694]: ci-info: | Device |  Up  |          Address           |      Mask     | Scope  |     Hw-Address    |
[   16.433779] cloud-init[694]: ci-info: +--------+------+----------------------------+---------------+--------+-------------------+
[   16.434633] cloud-init[694]: ci-info: | enp0s3 | True |         10.0.2.15          | 255.255.255.0 | global | 02:12:97:df:f3:54 |
[   16.436008] cloud-init[694]: ci-info: | enp0s3 | True | fe80::12:97ff:fedf:f354/64 |       .       |  link  | 02:12:97:df:f3:54 |
[   16.437888] cloud-init[694]: ci-info: |   lo   | True |         127.0.0.1          |   255.0.0.0   |  host  |         .         |
[   16.440455] cloud-init[694]: ci-info: |   lo   | True |          ::1/128           |       .       |  host  |         .         |
[   16.443399] cloud-init[694]: ci-info: +--------+------+----------------------------+---------------+--------+-------------------+
[   16.446365] cloud-init[694]: ci-info: ++++++++++++++++++++++++++++Route IPv4 info+++++++++++++++++++++++++++++
[   16.448872] cloud-init[694]: ci-info: +-------+-------------+----------+-----------------+-----------+-------+
[   16.460428] cloud-init[694]: ci-info: | Route | Destination | Gateway  |     Genmask     | Interface | Flags |
[   16.472187] cloud-init[694]: ci-info: +-------+-------------+----------+-----------------+-----------+-------+
[   16.474163] cloud-init[694]: ci-info: |   0   |   0.0.0.0   | 10.0.2.2 |     0.0.0.0     |   enp0s3  |   UG  |
[   16.484945] cloud-init[694]: ci-info: |   1   |   10.0.2.0  | 0.0.0.0  |  255.255.255.0  |   enp0s3  |   U   |
[   16.486881] cloud-init[694]: ci-info: |   2   |   10.0.2.2  | 0.0.0.0  | 255.255.255.255 |   enp0s3  |   UH  |
[   16.488696] cloud-init[694]: ci-info: +-------+-------------+----------+-----------------+-----------+-------+
[   16.500603] cloud-init[694]: ci-info: +++++++++++++++++++Route IPv6 info+++++++++++++++++++
[   16.502185] cloud-init[694]: ci-info: +-------+-------------+---------+-----------+-------+
[   16.503819] cloud-init[694]: ci-info: | Route | Destination | Gateway | Interface | Flags |
[   16.505829] cloud-init[694]: ci-info: +-------+-------------+---------+-----------+-------+
[   16.507345] cloud-init[694]: ci-info: |   1   |  fe80::/64  |    ::   |   enp0s3  |   U   |
[   16.508880] cloud-init[694]: ci-info: |   3   |    local    |    ::   |   enp0s3  |   U   |
[   16.510557] cloud-init[694]: ci-info: |   4   |   ff00::/8  |    ::   |   enp0s3  |   U   |
[   16.512009] cloud-init[694]: ci-info: +-------+-------------+---------+-----------+-------+
[   18.704262] cloud-init[694]: Generating public/private rsa key pair.
[   18.705149] cloud-init[694]: Your identification has been saved in /etc/ssh/ssh_host_rsa_key.
[   18.706080] cloud-init[694]: Your public key has been saved in /etc/ssh/ssh_host_rsa_key.pub.
[   18.707046] cloud-init[694]: The key fingerprint is:
[   18.707595] cloud-init[694]: SHA256:ngT5O6+bfLWMQmDNFbGIH0xKVnv7QOy773i/3pXZpEU root@ubuntu-bionic
[   18.708583] cloud-init[694]: The key's randomart image is:
[   18.709131] cloud-init[694]: +---[RSA 2048]----+
[   18.710042] cloud-init[694]: |      o.o oo     |
[   18.720213] cloud-init[694]: |     o * +..     |
[   18.720788] cloud-init[694]: |      =o=.=     E|
[   18.721396] cloud-init[694]: |      o+o= .   . |
[   18.722011] cloud-init[694]: |     . .S +     o|
[   18.722489] cloud-init[694]: |       o.o +.  ++|
[   18.733036] cloud-init[694]: |       .= .+...oo|
[   18.733619] cloud-init[694]: |       ..+oo+  ..|
[   18.734206] cloud-init[694]: |        ==++oo+..|
[   18.734816] cloud-init[694]: +----[SHA256]-----+
[   18.735395] cloud-init[694]: Generating public/private dsa key pair.
[   18.736166] cloud-init[694]: Your identification has been saved in /etc/ssh/ssh_host_dsa_key.
[   18.737078] cloud-init[694]: Your public key has been saved in /etc/ssh/ssh_host_dsa_key.pub.
[   18.738304] cloud-init[694]: The key fingerprint is:
[   18.748343] cloud-init[694]: SHA256:e/r1SIPoJQcJu0edeNVZx25w+XVWhpZw+ZL84ws2GUQ root@ubuntu-bionic
[   18.749727] cloud-init[694]: The key's randomart image is:
[   18.750379] cloud-init[694]: +---[DSA 1024]----+
[   18.750970] cloud-init[694]: |            .E.=B|
[   18.751543] cloud-init[694]: |            .o*=B|
[   18.752364] cloud-init[694]: |      .     .+oB+|
[[0;32m  OK  [0m] Started Initial cloud-init job (metadata service crawler).
[   18.757064] cloud-init[[0;32m  OK  [0m] Reached target Cloud-config availability.
[[0;32m  OK  [0m] Reached target System Initialization.
[[0;32m  OK  [0m] Started Daily Cleanup of Temporary Directories.
[[0;32m  OK  [0m] Started ACPI Events Check.
[694]: [[0;32m  OK  [0m] Listening on ACPID Listen Socket.
[[0;32m  OK  [0m] Listening on Open-iSCSI iscsid Socket.
[[0;32m  OK  [0m] Started Discard unused blocks once a week.
[[0;32m  OK  [0m] Listening on D-Bus System Message Bus Socket.
[[0;32m  OK  [0m] Started Message of the Day.
         Starting Socket activation for snappy daemon.
[[0;32m  OK  [0m] Listening on UUID daemon activation socket.
|       o + o. + =|[
[0;32m  OK  [0m] Started Daily apt download activities.
[   18.765085] cloud-init[694]: |      . S +  . + |
[[0;32m  OK  [0m] Started Daily apt upgrade and clean activities.
[   18.765796] cloud-init[694]: |       o = .  o..|
[[0;32m  OK  [0m] Reached target Timers.
[   18.766555] cloud-init[694]: [|      . = = +=. .|[0;32m  OK  [0m
] Reached target Paths.
[   18.767259] cloud-init[694]: |       o * o.+o. |
[   18.770686] cloud-init[694]: |        o.. . ...|
         Starting LXD - unix socket.
[[0;32m  OK  [0m] Reached target Network is Online.
[   18.785159] cloud-init[694]: +----[SHA256]-----+
[   18.786433]          Starting Availability of block devices...
[[0;32m  OK  [0m] Reached target Remote File Systems (Pre).
[[0;32m  OK  [0m] Reached target Remote File Systems.
[[0;32m  OK  [0m] Listening on Socket activation for snappy daemon.
[[0;32m  OK  [0m] Listening on LXD - unix socket.
[[0;32m  OK  [0m] Reached target Sockets.
[[0;32m  OK  [0m] Reached target Basic System.
cloud-init[694]:          Starting LSB: Record successful boot for GRUB...
Generating public/private ecdsa key pair.
[   18.791562]          Starting Pollinate to seed the pseudo random number generator...
cloud-init[694]: Your identification has been saved in /etc/ssh/ssh_host_ecdsa_key.         Starting Snappy daemon...
         Starting Permit User Sessions...
         Starting LXD - container startup/shutdown...

[   18.797772] cloud-init         Starting LSB: automatic crash report generation...
[694]: Your public key has been saved in /etc/ssh/ssh_host_ecdsa_key.pub.
[   18.799515] cloud-init[694]: The key fingerprint is:[[0;32m  OK  [0m] Started FUSE filesystem for LXC.

[   18.800818] [[0;32m  OK  [0m] Started D-Bus System Message Bus.
cloud-init[694]: SHA256:UXnP3fSpe5tUbWEokTWNU+GBYT4fZ09MVifJNQu7gSM root@ubuntu-bionic
[   18.804159] cloud-init[694]: The key's randomart image is:
[   18.804899] cloud-init[694]: +---[ECDSA 256]---+
[   18.805562] cloud-init[694]: |          .ooBBBO|
[   18.806206] cloud-init[694]: |         ...*+O**|
[   18.806844] cloud-init[694]: |        .E = O.OO|
[   18.807506] cloud-init[694]: |         .. o O+X|
[   18.808216] cloud-init[694]: |        S    ...=|
[   18.808887] cloud-init[694]: |             . ..|
[   18.809545] cloud-init[694]: |              .. |
[   18.810198] cloud-init[694]: |             ....|
[   18.810866] cloud-init[694]: |              .o.|
[   18.811506] cloud-init[694]: +----[SHA256]-----+
[   18.812318] cloud-init[694]: Generating public/private ed25519 key pair.
[   18.813238] cloud-init[694]: Your identification has been saved in /etc/ssh/ssh_host_ed25519_key.
[   18.814397] cloud-init[694]: Your public key has been saved in /etc/ssh/ssh_host_ed25519_key.pub.
[   18.815440] cloud-init[694]: The key fingerprint is:
[   18.816110] cloud-init[694]: SHA256:5z/eLobnwR/nKYKvYLyP09sgG7vA7GdGKnLZh/joUs4 root@ubuntu-bionic
[   18.817131] cloud-init[694]: The key's randomart image is:
[   18.817864] cloud-init[694]: +--[ED25519 256]--+
[   18.818503] cloud-init[694]: |                 |
[   18.819138] cloud-init[694]: |                 |
[   18.819786] cloud-init[694]: |                 |
[   18.820438] cloud-init[694]: |                 |
[   18.821170] cloud-init[694]: |        S .      |
[   18.821837] cloud-init[694]: |   .o .. o .     |
[   18.822552] cloud-init[694]: |  + +++*..o.o . .|
[   18.823291] cloud-init[694]: | o Eo+o*Oo+o== +.|
[   18.823925] cloud-init[694]: |  =ooo=*+++B=+=..|
[   18.824591] cloud-init[694]: +----[SHA256]-----+
         Starting Dispatcher daemon for systemd-networkd...
         Starting Accounts Service...
         Starting Login Service...
         Starting Virtualbox guest utils...
[[0;32m  OK  [0m] Started Regular background program processing daemon.
         Starting System Logging Service...
[[0;32m  OK  [0m] Started Deferred execution scheduler.
[[0;32m  OK  [0m] Started irqbalance daemon.
[[0;32m  OK  [0m] Started Availability of block devices.
[[0;32m  OK  [0m] Started Permit User Sessions.
         Starting Terminate Plymouth Boot Screen...
         Starting Hold until boot process finishes up...
[[0;32m  OK  [0m] Started Hold until boot process finishes up.
[[0;32m  OK  [0m] Started Serial Getty on ttyS0.
         Starting Set console scheme...
[[0;32m  OK  [0m] Started Terminate Plymouth Boot Screen.
[[0;32m  OK  [0m] Started Login Service.
[[0;32m  OK  [0m] Started Unattended Upgrades Shutdown.
[[0;32m  OK  [0m] Started Set console scheme.
[[0;32m  OK  [0m] Created slice system-getty.slice.
[[0;32m  OK  [0m] Started Getty on tty1.
[[0;32m  OK  [0m] Reached target Login Prompts.
[[0;32m  OK  [0m] Started System Logging Service.
[[0;32m  OK  [0m] Started LSB: automatic crash report generation.
[[0;32m  OK  [0m] Started LSB: Record successful boot for GRUB.
         Starting Authorization Manager...
[[0;32m  OK  [0m] Started Virtualbox guest utils.
[[0;32m  OK  [0m] Started Authorization Manager.
[[0;32m  OK  [0m] Started Accounts Service.
[[0;32m  OK  [0m] Started Dispatcher daemon for systemd-networkd.
[[0;32m  OK  [0m] Started LXD - container startup/shutdown.
[[0;32m  OK  [0m] Started Snappy daemon.
         Starting Wait until snapd is fully seeded...
[[0;32m  OK  [0m] Started Pollinate to seed the pseudo random number generator.
         Starting OpenBSD Secure Shell server...
[[0;32m  OK  [0m] Started OpenBSD Secure Shell server.
[[0;32m  OK  [0m] Created slice User Slice of vagrant.
         Starting User Manager for UID 1000...
[[0;32m  OK  [0m] Started Session 1 of user vagrant.
[[0;32m  OK  [0m] Started User Manager for UID 1000.
[[0;32m  OK  [0m] Started Wait until snapd is fully seeded.
         Starting Apply the settings specified in cloud-config...
[[0;32m  OK  [0m] Reached target Multi-User System.
[[0;32m  OK  [0m] Reached target Graphical Interface.
         Starting Update UTMP about System Runlevel Changes...
[[0;32m  OK  [0m] Started Update UTMP about System Runlevel Changes.

Ubuntu 18.04.4 LTS ubuntu-bionic ttyS0

ubuntu-bionic login: [   26.226543] cloud-init[1354]: Cloud-init v. 19.4-33-gbb4131a2-0ubuntu1~18.04.1 running 'modules:config' at Sat, 04 Jul 2020 15:05:58 +0000. Up 24.01 seconds.
ci-info: no authorized SSH keys fingerprints found for user ubuntu.
<14>Jul  4 15:06:01 ec2: 
<14>Jul  4 15:06:01 ec2: #############################################################
<14>Jul  4 15:06:01 ec2: -----BEGIN SSH HOST KEY FINGERPRINTS-----
<14>Jul  4 15:06:01 ec2: 1024 SHA256:e/r1SIPoJQcJu0edeNVZx25w+XVWhpZw+ZL84ws2GUQ root@ubuntu-bionic (DSA)
<14>Jul  4 15:06:01 ec2: 256 SHA256:UXnP3fSpe5tUbWEokTWNU+GBYT4fZ09MVifJNQu7gSM root@ubuntu-bionic (ECDSA)
<14>Jul  4 15:06:01 ec2: 256 SHA256:5z/eLobnwR/nKYKvYLyP09sgG7vA7GdGKnLZh/joUs4 root@ubuntu-bionic (ED25519)
<14>Jul  4 15:06:01 ec2: 2048 SHA256:ngT5O6+bfLWMQmDNFbGIH0xKVnv7QOy773i/3pXZpEU root@ubuntu-bionic (RSA)
<14>Jul  4 15:06:01 ec2: -----END SSH HOST KEY FINGERPRINTS-----
<14>Jul  4 15:06:01 ec2: #############################################################
-----BEGIN SSH HOST KEY KEYS-----
ecdsa-sha2-nistp256 AAAAE2VjZHNhLXNoYTItbmlzdHAyNTYAAAAIbmlzdHAyNTYAAABBBMQlXZ+oXYpdonleW61MU7RuljipyTz/gigp3Suz21H0JlnBjNla8r7aZV8IVQ/XneRZypBpiARau77Utr7/WCM= root@ubuntu-bionic
ssh-ed25519 AAAAC3NzaC1lZDI1NTE5AAAAIH8NEneWfQuHeFSE6n4mOqEzOjSvlWJAg571a89j/Gn+ root@ubuntu-bionic
ssh-rsa AAAAB3NzaC1yc2EAAAADAQABAAABAQDO18TL5W3NG/p1+7DRfzlFVPmuDNxuHhPamv1NfixmxjaUJmavWvnmSKw3NXXoaBSo8U82GPvHSiTT/V+OhF0W7oBfsvEn/B9Lq9DjXAOQ8AU6JcxHxCs2sJvUABt8rTsehJQrybx9gXP6YlM/zm3hIkiBu06zn+QXHAiMez1tQlvT8AEBh+CrZPBWtYVukNVGM3UDLXn7oTcNYueUhg2PIVQ5CH1OYpxWEgqdyH5udVqnnv7Cr+WXfrFOTXRBUCXbAD+CXmpLrdWyOmUwqsZhQ34GAC3NxEC+SKW+KtMPvF1lGumqRPquJWWFEUE315oSydbO0hdNPxYcLJKv0w59 root@ubuntu-bionic
-----END SSH HOST KEY KEYS-----
[   26.841395] cloud-init[1522]: Cloud-init v. 19.4-33-gbb4131a2-0ubuntu1~18.04.1 running 'modules:final' at Sat, 04 Jul 2020 15:06:01 +0000. Up 26.68 seconds.
[   26.841730] cloud-init[1522]: ci-info: no authorized SSH keys fingerprints found for user ubuntu.
[   26.842003] cloud-init[1522]: Cloud-init v. 19.4-33-gbb4131a2-0ubuntu1~18.04.1 finished at Sat, 04 Jul 2020 15:06:01 +0000. Datasource DataSourceNoCloud [seed=/dev/sdb][dsmode=net].  Up 26.83 seconds
